Started GET "/users" for 127.0.0.1 at 2019-06-01 22:02:37 -0500
  
ActiveRecord::PendingMigrationError (

Migrations are pending. To resolve this issue, run:

        bin/rails db:migrate RAILS_ENV=development

):
  
activerecord (5.2.3) lib/active_record/migration.rb:579:in `check_pending!'
activerecord (5.2.3) lib/active_record/migration.rb:556:in `call'
actionpack (5.2.3) lib/action_dispatch/middleware/callbacks.rb:28:in `block in call'
activesupport (5.2.3) lib/active_support/callbacks.rb:98:in `run_callbacks'
actionpack (5.2.3) lib/action_dispatch/middleware/callbacks.rb:26:in `call'
actionpack (5.2.3) lib/action_dispatch/middleware/executor.rb:14:in `call'
actionpack (5.2.3) lib/action_dispatch/middleware/debug_exceptions.rb:61:in `call'
actionpack (5.2.3) lib/action_dispatch/middleware/show_exceptions.rb:33:in `call'
railties (5.2.3) lib/rails/rack/logger.rb:38:in `call_app'
railties (5.2.3) lib/rails/rack/logger.rb:26:in `block in call'
activesupport (5.2.3) lib/active_support/tagged_logging.rb:71:in `block in tagged'
activesupport (5.2.3) lib/active_support/tagged_logging.rb:28:in `tagged'
activesupport (5.2.3) lib/active_support/tagged_logging.rb:71:in `tagged'
railties (5.2.3) lib/rails/rack/logger.rb:26:in `call'
actionpack (5.2.3) lib/action_dispatch/middleware/remote_ip.rb:81:in `call'
actionpack (5.2.3) lib/action_dispatch/middleware/request_id.rb:27:in `call'
rack (2.0.7) lib/rack/runtime.rb:22:in `call'
activesupport (5.2.3) lib/active_support/cache/strategy/local_cache_middleware.rb:29:in `call'
actionpack (5.2.3) lib/action_dispatch/middleware/executor.rb:14:in `call'
actionpack (5.2.3) lib/action_dispatch/middleware/static.rb:127:in `call'
rack (2.0.7) lib/rack/sendfile.rb:111:in `call'
railties (5.2.3) lib/rails/engine.rb:524:in `call'
puma (3.12.1) lib/puma/configuration.rb:227:in `call'
puma (3.12.1) lib/puma/server.rb:660:in `handle_request'
puma (3.12.1) lib/puma/server.rb:474:in `process_client'
puma (3.12.1) lib/puma/server.rb:334:in `block in run'
puma (3.12.1) lib/puma/thread_pool.rb:135:in `block in spawn_thread'
  [1m[35m (0.1ms)[0m  [1m[34mSELECT sqlite_version(*)[0m
  ↳ bin/rails:9
  [1m[35m (124.1ms)[0m  [1m[35mCREATE TABLE "schema_migrations" ("version" varchar NOT NULL PRIMARY KEY)[0m
  ↳ bin/rails:9
  [1m[35m (140.8ms)[0m  [1m[35mCREATE TABLE "ar_internal_metadata" ("key" varchar NOT NULL PRIMARY KEY, "value" varchar, "created_at" datetime NOT NULL, "updated_at" datetime NOT NULL)[0m
  ↳ bin/rails:9
  [1m[35m (0.2ms)[0m  [1m[34mSELECT "schema_migrations"."version" FROM "schema_migrations" ORDER BY "schema_migrations"."version" ASC[0m
  ↳ bin/rails:9
Migrating to CreateUsers (20190602024452)
  [1m[35m (0.1ms)[0m  [1m[36mbegin transaction[0m
  ↳ bin/rails:9
  [1m[35m (0.5ms)[0m  [1m[35mCREATE TABLE "users" ("id" integer PRIMARY KEY AUTOINCREMENT NOT NULL, "name" varchar, "username" varchar, "email" varchar, "password_digest" varchar, "created_at" datetime NOT NULL, "updated_at" datetime NOT NULL)[0m
  ↳ db/migrate/20190602024452_create_users.rb:3
  [1m[36mActiveRecord::SchemaMigration Create (0.3ms)[0m  [1m[32mINSERT INTO "schema_migrations" ("version") VALUES (?)[0m  [["version", "20190602024452"]]
  ↳ bin/rails:9
  [1m[35m (106.4ms)[0m  [1m[36mcommit transaction[0m
  ↳ bin/rails:9
  [1m[36mActiveRecord::InternalMetadata Load (0.3ms)[0m  [1m[34mSELECT  "ar_internal_metadata".* FROM "ar_internal_metadata" WHERE "ar_internal_metadata"."key" = ? LIMIT ?[0m  [["key", "environment"], ["LIMIT", 1]]
  ↳ bin/rails:9
  [1m[35m (0.1ms)[0m  [1m[36mbegin transaction[0m
  ↳ bin/rails:9
  [1m[36mActiveRecord::InternalMetadata Create (0.3ms)[0m  [1m[32mINSERT INTO "ar_internal_metadata" ("key", "value", "created_at", "updated_at") VALUES (?, ?, ?, ?)[0m  [["key", "environment"], ["value", "development"], ["created_at", "2019-06-02 03:03:04.546463"], ["updated_at", "2019-06-02 03:03:04.546463"]]
  ↳ bin/rails:9
  [1m[35m (107.7ms)[0m  [1m[36mcommit transaction[0m
  ↳ bin/rails:9
  [1m[35m (0.3ms)[0m  [1m[34mSELECT "schema_migrations"."version" FROM "schema_migrations" ORDER BY "schema_migrations"."version" ASC[0m
  ↳ bin/rails:9
Started GET "/users" for 127.0.0.1 at 2019-06-01 22:03:13 -0500
  [1m[35m (0.2ms)[0m  [1m[34mSELECT "schema_migrations"."version" FROM "schema_migrations" ORDER BY "schema_migrations"."version" ASC[0m
  ↳ /home/juanpablo/.rvm/gems/ruby-2.4.0/gems/activerecord-5.2.3/lib/active_record/log_subscriber.rb:98
Processing by UsersController#index as HTML
Filter chain halted as :authorize_request rendered or redirected
Completed 401 Unauthorized in 2ms (Views: 0.3ms | ActiveRecord: 0.0ms)


Started POST "/users" for ::1 at 2019-06-01 22:08:26 -0500
  
NameError (uninitialized constant User::AvatarUploader):
  
app/models/user.rb:3:in `<class:User>'
app/models/user.rb:1:in `<main>'
Error occurred while parsing request parameters.
Contents:

{
	"name": "Juan"
	"username": "Juanito123"
	"email": "juanitobanano@gmail.com"
	"password": "juan123"
	"password_confirmation": "juan123"
	
}
Started POST "/users" for ::1 at 2019-06-01 22:09:21 -0500
  
NameError (uninitialized constant User::AvatarUploader):
  
app/models/user.rb:3:in `<class:User>'
app/models/user.rb:1:in `<main>'
Started POST "/users" for ::1 at 2019-06-01 22:10:48 -0500
Processing by UsersController#create as */*
  Parameters: {"name"=>"Juan", "username"=>"Juanito123", "email"=>"juanitobanano@gmail.com", "password"=>"[FILTERED]", "password_confirmation"=>"[FILTERED]", "user"=>{"name"=>"Juan", "username"=>"Juanito123", "email"=>"juanitobanano@gmail.com"}}
Unpermitted parameter: :user
  [1m[35m (0.1ms)[0m  [1m[36mbegin transaction[0m
  ↳ app/controllers/users_controller.rb:19
  [1m[36mUser Exists (0.2ms)[0m  [1m[34mSELECT  1 AS one FROM "users" WHERE "users"."email" = ? LIMIT ?[0m  [["email", "juanitobanano@gmail.com"], ["LIMIT", 1]]
  ↳ app/controllers/users_controller.rb:19
  [1m[36mUser Exists (0.1ms)[0m  [1m[34mSELECT  1 AS one FROM "users" WHERE "users"."username" = ? LIMIT ?[0m  [["username", "Juanito123"], ["LIMIT", 1]]
  ↳ app/controllers/users_controller.rb:19
  [1m[36mUser Create (0.4ms)[0m  [1m[32mINSERT INTO "users" ("name", "username", "email", "password_digest", "created_at", "updated_at") VALUES (?, ?, ?, ?, ?, ?)[0m  [["name", "Juan"], ["username", "Juanito123"], ["email", "juanitobanano@gmail.com"], ["password_digest", "$2a$12$S.ymNO36vYJcqrIj/hcXye0fI8Gx0YUyW2YV.BoRxrO0kQ0x2l2oi"], ["created_at", "2019-06-02 03:10:48.514871"], ["updated_at", "2019-06-02 03:10:48.514871"]]
  ↳ app/controllers/users_controller.rb:19
  [1m[35m (98.4ms)[0m  [1m[36mcommit transaction[0m
  ↳ app/controllers/users_controller.rb:19
Completed 201 Created in 516ms (Views: 6.2ms | ActiveRecord: 100.0ms)


Started GET "/hcXye0fI8Gx0YUyW2YV.BoRxrO0kQ0x2l2oi" for 127.0.0.1 at 2019-06-01 22:11:07 -0500
Processing by ApplicationController#not_found as 
  Parameters: {"a"=>"hcXye0fI8Gx0YUyW2YV"}
Completed 200 OK in 1ms (Views: 0.3ms | ActiveRecord: 0.0ms)


Started POST "/users" for ::1 at 2019-06-01 22:12:03 -0500
Processing by UsersController#create as */*
  Parameters: {"name"=>"Juan", "username"=>"Juanito1234", "email"=>"juanitobanano@gmail.com", "password"=>"[FILTERED]", "password_confirmation"=>"[FILTERED]", "user"=>{"name"=>"Juan", "username"=>"Juanito1234", "email"=>"juanitobanano@gmail.com"}}
Unpermitted parameter: :user
  [1m[35m (0.1ms)[0m  [1m[36mbegin transaction[0m
  ↳ app/controllers/users_controller.rb:19
  [1m[36mUser Exists (0.2ms)[0m  [1m[34mSELECT  1 AS one FROM "users" WHERE "users"."email" = ? LIMIT ?[0m  [["email", "juanitobanano@gmail.com"], ["LIMIT", 1]]
  ↳ app/controllers/users_controller.rb:19
  [1m[36mUser Exists (0.1ms)[0m  [1m[34mSELECT  1 AS one FROM "users" WHERE "users"."username" = ? LIMIT ?[0m  [["username", "Juanito1234"], ["LIMIT", 1]]
  ↳ app/controllers/users_controller.rb:19
  [1m[35m (0.7ms)[0m  [1m[31mrollback transaction[0m
  ↳ app/controllers/users_controller.rb:19
Completed 422 Unprocessable Entity in 478ms (Views: 0.2ms | ActiveRecord: 2.0ms)


Started POST "/users" for ::1 at 2019-06-01 22:12:10 -0500
Processing by UsersController#create as */*
  Parameters: {"name"=>"Juan", "username"=>"Juanito1234", "email"=>"juanitobanano1@gmail.com", "password"=>"[FILTERED]", "password_confirmation"=>"[FILTERED]", "user"=>{"name"=>"Juan", "username"=>"Juanito1234", "email"=>"juanitobanano1@gmail.com"}}
Unpermitted parameter: :user
  [1m[35m (0.1ms)[0m  [1m[36mbegin transaction[0m
  ↳ app/controllers/users_controller.rb:19
  [1m[36mUser Exists (0.2ms)[0m  [1m[34mSELECT  1 AS one FROM "users" WHERE "users"."email" = ? LIMIT ?[0m  [["email", "juanitobanano1@gmail.com"], ["LIMIT", 1]]
  ↳ app/controllers/users_controller.rb:19
  [1m[36mUser Exists (0.1ms)[0m  [1m[34mSELECT  1 AS one FROM "users" WHERE "users"."username" = ? LIMIT ?[0m  [["username", "Juanito1234"], ["LIMIT", 1]]
  ↳ app/controllers/users_controller.rb:19
  [1m[36mUser Create (0.3ms)[0m  [1m[32mINSERT INTO "users" ("name", "username", "email", "password_digest", "created_at", "updated_at") VALUES (?, ?, ?, ?, ?, ?)[0m  [["name", "Juan"], ["username", "Juanito1234"], ["email", "juanitobanano1@gmail.com"], ["password_digest", "$2a$12$wEXkQkYBvbCIjmTLtLz90.i/FPZbH4EvTZvXM9jE3gyBTqFhOdY9K"], ["created_at", "2019-06-02 03:12:11.065292"], ["updated_at", "2019-06-02 03:12:11.065292"]]
  ↳ app/controllers/users_controller.rb:19
  [1m[35m (103.5ms)[0m  [1m[36mcommit transaction[0m
  ↳ app/controllers/users_controller.rb:19
Completed 201 Created in 509ms (Views: 0.3ms | ActiveRecord: 104.1ms)


Started POST "/users" for ::1 at 2019-06-01 22:13:43 -0500
Processing by UsersController#create as */*
  Parameters: {"name"=>"Juan", "username"=>"Juanito1235", "email"=>"juanitobanano2@gmail.com", "password"=>"[FILTERED]", "password_confirmation"=>"[FILTERED]", "user"=>{"name"=>"Juan", "username"=>"Juanito1235", "email"=>"juanitobanano2@gmail.com"}}
Unpermitted parameter: :user
  [1m[35m (0.1ms)[0m  [1m[36mbegin transaction[0m
  ↳ app/controllers/users_controller.rb:19
  [1m[36mUser Exists (0.2ms)[0m  [1m[34mSELECT  1 AS one FROM "users" WHERE "users"."email" = ? LIMIT ?[0m  [["email", "juanitobanano2@gmail.com"], ["LIMIT", 1]]
  ↳ app/controllers/users_controller.rb:19
  [1m[36mUser Exists (0.1ms)[0m  [1m[34mSELECT  1 AS one FROM "users" WHERE "users"."username" = ? LIMIT ?[0m  [["username", "Juanito1235"], ["LIMIT", 1]]
  ↳ app/controllers/users_controller.rb:19
  [1m[36mUser Create (0.3ms)[0m  [1m[32mINSERT INTO "users" ("name", "username", "email", "password_digest", "created_at", "updated_at") VALUES (?, ?, ?, ?, ?, ?)[0m  [["name", "Juan"], ["username", "Juanito1235"], ["email", "juanitobanano2@gmail.com"], ["password_digest", "$2a$12$ElD26uYxhVXTATXPr5MFzOlN8I2l3yycpqPOKzKonJP3D4WRhTNUK"], ["created_at", "2019-06-02 03:13:43.729322"], ["updated_at", "2019-06-02 03:13:43.729322"]]
  ↳ app/controllers/users_controller.rb:19
  [1m[35m (84.6ms)[0m  [1m[36mcommit transaction[0m
  ↳ app/controllers/users_controller.rb:19
Completed 201 Created in 497ms (Views: 1.6ms | ActiveRecord: 86.1ms)


Started POST "/auth/login" for ::1 at 2019-06-01 22:29:46 -0500
Processing by AuthenticationController#login as */*
  Parameters: {"email"=>"juanitobanano2@gmail.com", "password"=>"[FILTERED]", "authentication"=>{"email"=>"juanitobanano2@gmail.com", "password"=>"[FILTERED]"}}
  [1m[36mUser Load (0.3ms)[0m  [1m[34mSELECT  "users".* FROM "users" WHERE "users"."email" = ? LIMIT ?[0m  [["email", "juanitobanano2@gmail.com"], ["LIMIT", 1]]
  ↳ app/controllers/authentication_controller.rb:6
Completed 200 OK in 422ms (Views: 0.2ms | ActiveRecord: 0.3ms)


Started GET "/users" for ::1 at 2019-06-01 22:33:28 -0500
Processing by UsersController#index as */*
  Parameters: {"Authorization"=>"eyJhbGciOiJIUzI1NiJ9.eyJ1c2VyX2lkIjozLCJleHAiOjE1NTk1MzI1ODZ9.SUxRDgbUvj7phIr9kV4i5FPsAEjBsGCQV6wXSYIPM5I", "user"=>{}}
Filter chain halted as :authorize_request rendered or redirected
Completed 401 Unauthorized in 1ms (Views: 0.2ms | ActiveRecord: 0.0ms)


Started GET "/users" for ::1 at 2019-06-01 22:33:58 -0500
Processing by UsersController#index as */*
  Parameters: {"Authorization"=>"eyJhbGciOiJIUzI1NiJ9.eyJ1c2VyX2lkIjozLCJleHAiOjE1NTk1MzI1ODZ9.SUxRDgbUvj7phIr9kV4i5FPsAEjBsGCQV6wXSYIPM5I", "user"=>{}}
Filter chain halted as :authorize_request rendered or redirected
Completed 401 Unauthorized in 1ms (Views: 0.3ms | ActiveRecord: 0.0ms)


Started GET "/users" for ::1 at 2019-06-01 22:34:49 -0500
Processing by UsersController#index as */*
  Parameters: {"Authorization"=>"eyJhbGciOiJIUzI1NiJ9.eyJ1c2VyX2lkIjozLCJleHAiOjE1NTk1MzI1ODZ9.SUxRDgbUvj7phIr9kV4i5FPsAEjBsGCQV6wXSYIPM5I", "user"=>{}}
Filter chain halted as :authorize_request rendered or redirected
Completed 401 Unauthorized in 0ms (Views: 0.1ms | ActiveRecord: 0.0ms)


Started GET "/users" for ::1 at 2019-06-01 22:34:57 -0500
Error occurred while parsing request parameters.
Contents:

{
	"Authorization": eyJhbGciOiJIUzI1NiJ9.eyJ1c2VyX2lkIjozLCJleHAiOjE1NTk1MzI1ODZ9.SUxRDgbUvj7phIr9kV4i5FPsAEjBsGCQV6wXSYIPM5I
}
  
ActionDispatch::Http::Parameters::ParseError (743: unexpected token at '{
	"Authorization": eyJhbGciOiJIUzI1NiJ9.eyJ1c2VyX2lkIjozLCJleHAiOjE1NTk1MzI1ODZ9.SUxRDgbUvj7phIr9kV4i5FPsAEjBsGCQV6wXSYIPM5I
}'):
  
actionpack (5.2.3) lib/action_dispatch/http/parameters.rb:117:in `rescue in parse_formatted_parameters'
actionpack (5.2.3) lib/action_dispatch/http/parameters.rb:111:in `parse_formatted_parameters'
actionpack (5.2.3) lib/action_dispatch/http/request.rb:381:in `block in POST'
rack (2.0.7) lib/rack/request.rb:59:in `fetch'
rack (2.0.7) lib/rack/request.rb:59:in `fetch_header'
actionpack (5.2.3) lib/action_dispatch/http/request.rb:380:in `POST'
actionpack (5.2.3) lib/action_dispatch/http/parameters.rb:55:in `parameters'
actionpack (5.2.3) lib/action_controller/metal/params_wrapper.rb:290:in `_wrapper_enabled?'
actionpack (5.2.3) lib/action_controller/metal/params_wrapper.rb:244:in `process_action'
activerecord (5.2.3) lib/active_record/railties/controller_runtime.rb:24:in `process_action'
actionpack (5.2.3) lib/abstract_controller/base.rb:134:in `process'
actionpack (5.2.3) lib/action_controller/metal.rb:191:in `dispatch'
actionpack (5.2.3) lib/action_controller/metal.rb:252:in `dispatch'
actionpack (5.2.3) lib/action_dispatch/routing/route_set.rb:52:in `dispatch'
actionpack (5.2.3) lib/action_dispatch/routing/route_set.rb:34:in `serve'
actionpack (5.2.3) lib/action_dispatch/journey/router.rb:52:in `block in serve'
actionpack (5.2.3) lib/action_dispatch/journey/router.rb:35:in `each'
actionpack (5.2.3) lib/action_dispatch/journey/router.rb:35:in `serve'
actionpack (5.2.3) lib/action_dispatch/routing/route_set.rb:840:in `call'
rack (2.0.7) lib/rack/etag.rb:25:in `call'
rack (2.0.7) lib/rack/conditional_get.rb:25:in `call'
rack (2.0.7) lib/rack/head.rb:12:in `call'
activerecord (5.2.3) lib/active_record/migration.rb:559:in `call'
actionpack (5.2.3) lib/action_dispatch/middleware/callbacks.rb:28:in `block in call'
activesupport (5.2.3) lib/active_support/callbacks.rb:98:in `run_callbacks'
actionpack (5.2.3) lib/action_dispatch/middleware/callbacks.rb:26:in `call'
actionpack (5.2.3) lib/action_dispatch/middleware/executor.rb:14:in `call'
actionpack (5.2.3) lib/action_dispatch/middleware/debug_exceptions.rb:61:in `call'
actionpack (5.2.3) lib/action_dispatch/middleware/show_exceptions.rb:33:in `call'
railties (5.2.3) lib/rails/rack/logger.rb:38:in `call_app'
railties (5.2.3) lib/rails/rack/logger.rb:26:in `block in call'
activesupport (5.2.3) lib/active_support/tagged_logging.rb:71:in `block in tagged'
activesupport (5.2.3) lib/active_support/tagged_logging.rb:28:in `tagged'
activesupport (5.2.3) lib/active_support/tagged_logging.rb:71:in `tagged'
railties (5.2.3) lib/rails/rack/logger.rb:26:in `call'
actionpack (5.2.3) lib/action_dispatch/middleware/remote_ip.rb:81:in `call'
actionpack (5.2.3) lib/action_dispatch/middleware/request_id.rb:27:in `call'
rack (2.0.7) lib/rack/runtime.rb:22:in `call'
activesupport (5.2.3) lib/active_support/cache/strategy/local_cache_middleware.rb:29:in `call'
actionpack (5.2.3) lib/action_dispatch/middleware/executor.rb:14:in `call'
actionpack (5.2.3) lib/action_dispatch/middleware/static.rb:127:in `call'
rack (2.0.7) lib/rack/sendfile.rb:111:in `call'
railties (5.2.3) lib/rails/engine.rb:524:in `call'
puma (3.12.1) lib/puma/configuration.rb:227:in `call'
puma (3.12.1) lib/puma/server.rb:660:in `handle_request'
puma (3.12.1) lib/puma/server.rb:474:in `process_client'
puma (3.12.1) lib/puma/server.rb:334:in `block in run'
puma (3.12.1) lib/puma/thread_pool.rb:135:in `block in spawn_thread'
Started GET "/users" for ::1 at 2019-06-01 22:39:26 -0500
Processing by UsersController#index as */*
  Parameters: {"Authorization"=>"eyJhbGciOiJIUzI1NiJ9.eyJ1c2VyX2lkIjozLCJleHAiOjE1NTk1MzI1ODZ9.SUxRDgbUvj7phIr9kV4i5FPsAEjBsGCQV6wXSYIPM5I", "user"=>{}}
  [1m[36mUser Load (0.3ms)[0m  [1m[34mSELECT  "users".* FROM "users" WHERE "users"."id" = ? LIMIT ?[0m  [["id", 3], ["LIMIT", 1]]
  ↳ app/controllers/application_controller.rb:11
  [1m[36mUser Load (0.3ms)[0m  [1m[34mSELECT "users".* FROM "users"[0m
  ↳ app/controllers/users_controller.rb:8
Completed 200 OK in 6ms (Views: 2.9ms | ActiveRecord: 0.6ms)


  [1m[35m (0.2ms)[0m  [1m[34mSELECT "schema_migrations"."version" FROM "schema_migrations" ORDER BY "schema_migrations"."version" ASC[0m
  ↳ bin/rails:9
Migrating to DeleteUsernameFromUsers (20190602042937)
  [1m[35m (0.1ms)[0m  [1m[36mbegin transaction[0m
  ↳ bin/rails:9
  [1m[35m (0.1ms)[0m  [1m[34mSELECT sqlite_version(*)[0m
  ↳ db/migrate/20190602042937_delete_username_from_users.rb:3
  [1m[35m (0.2ms)[0m  [1m[35mCREATE TEMPORARY TABLE "ausers" ("id" integer NOT NULL PRIMARY KEY, "name" varchar DEFAULT NULL, "username" varchar DEFAULT NULL, "email" varchar DEFAULT NULL, "password_digest" varchar DEFAULT NULL, "created_at" datetime NOT NULL, "updated_at" datetime NOT NULL)[0m
  ↳ db/migrate/20190602042937_delete_username_from_users.rb:3
  [1m[35m (0.1ms)[0m  [1m[32mINSERT INTO "ausers" ("id","name","username","email","password_digest","created_at","updated_at")
                     SELECT "id","name","username","email","password_digest","created_at","updated_at" FROM "users"[0m
  ↳ db/migrate/20190602042937_delete_username_from_users.rb:3
  [1m[35m (0.3ms)[0m  [1m[35mDROP TABLE "users"[0m
  ↳ db/migrate/20190602042937_delete_username_from_users.rb:3
  [1m[35m (0.3ms)[0m  [1m[35mCREATE TABLE "users" ("id" integer NOT NULL PRIMARY KEY, "name" varchar DEFAULT NULL, "email" varchar DEFAULT NULL, "password_digest" varchar DEFAULT NULL, "created_at" datetime NOT NULL, "updated_at" datetime NOT NULL)[0m
  ↳ db/migrate/20190602042937_delete_username_from_users.rb:3
  [1m[35m (0.2ms)[0m  [1m[32mINSERT INTO "users" ("id","name","email","password_digest","created_at","updated_at")
                     SELECT "id","name","email","password_digest","created_at","updated_at" FROM "ausers"[0m
  ↳ db/migrate/20190602042937_delete_username_from_users.rb:3
  [1m[35m (0.2ms)[0m  [1m[35mDROP TABLE "ausers"[0m
  ↳ db/migrate/20190602042937_delete_username_from_users.rb:3
  [1m[36mActiveRecord::SchemaMigration Create (0.3ms)[0m  [1m[32mINSERT INTO "schema_migrations" ("version") VALUES (?)[0m  [["version", "20190602042937"]]
  ↳ bin/rails:9
  [1m[35m (85.2ms)[0m  [1m[36mcommit transaction[0m
  ↳ bin/rails:9
  [1m[36mActiveRecord::InternalMetadata Load (0.3ms)[0m  [1m[34mSELECT  "ar_internal_metadata".* FROM "ar_internal_metadata" WHERE "ar_internal_metadata"."key" = ? LIMIT ?[0m  [["key", "environment"], ["LIMIT", 1]]
  ↳ bin/rails:9
  [1m[35m (0.1ms)[0m  [1m[36mbegin transaction[0m
  ↳ bin/rails:9
  [1m[35m (0.1ms)[0m  [1m[36mcommit transaction[0m
  ↳ bin/rails:9
  [1m[35m (0.1ms)[0m  [1m[34mSELECT "schema_migrations"."version" FROM "schema_migrations" ORDER BY "schema_migrations"."version" ASC[0m
  ↳ bin/rails:9
Started POST "/users" for ::1 at 2019-06-01 23:37:32 -0500
  [1m[35m (0.2ms)[0m  [1m[34mSELECT "schema_migrations"."version" FROM "schema_migrations" ORDER BY "schema_migrations"."version" ASC[0m
  ↳ /home/juanpablo/.rvm/gems/ruby-2.4.0/gems/activerecord-5.2.3/lib/active_record/log_subscriber.rb:98
Processing by UsersController#create as */*
  Parameters: {"name"=>"Juan", "email"=>"juanito2@gmail.com", "password"=>"[FILTERED]", "password_confirmation"=>"[FILTERED]", "user"=>{"name"=>"Juan", "email"=>"juanito2@gmail.com"}}
Unpermitted parameter: :user
  [1m[35m (0.1ms)[0m  [1m[36mbegin transaction[0m
  ↳ app/controllers/users_controller.rb:19
  [1m[36mUser Exists (0.2ms)[0m  [1m[34mSELECT  1 AS one FROM "users" WHERE "users"."email" = ? LIMIT ?[0m  [["email", "juanito2@gmail.com"], ["LIMIT", 1]]
  ↳ app/controllers/users_controller.rb:19
  [1m[36mUser Create (0.3ms)[0m  [1m[32mINSERT INTO "users" ("name", "email", "password_digest", "created_at", "updated_at") VALUES (?, ?, ?, ?, ?)[0m  [["name", "Juan"], ["email", "juanito2@gmail.com"], ["password_digest", "$2a$12$OWJ0.HAucW/MZtR.k7ymMel5I1veJv3wphWa/l.GFWDx1h7MkNWwy"], ["created_at", "2019-06-02 04:37:33.274072"], ["updated_at", "2019-06-02 04:37:33.274072"]]
  ↳ app/controllers/users_controller.rb:19
  [1m[35m (101.8ms)[0m  [1m[36mcommit transaction[0m
  ↳ app/controllers/users_controller.rb:19
Completed 201 Created in 510ms (Views: 1.3ms | ActiveRecord: 103.2ms)


Started POST "/auth/login" for ::1 at 2019-06-01 23:37:50 -0500
Processing by AuthenticationController#login as */*
  Parameters: {"email"=>"juanito2@gmail.com", "password"=>"[FILTERED]", "authentication"=>{"email"=>"juanito2@gmail.com", "password"=>"[FILTERED]"}}
  [1m[36mUser Load (0.2ms)[0m  [1m[34mSELECT  "users".* FROM "users" WHERE "users"."email" = ? LIMIT ?[0m  [["email", "juanito2@gmail.com"], ["LIMIT", 1]]
  ↳ app/controllers/authentication_controller.rb:6
Completed 500 Internal Server Error in 405ms (ActiveRecord: 0.2ms)


  
NoMethodError (undefined method `username' for #<User:0x00564e2f453b10>):
  
app/controllers/authentication_controller.rb:11:in `login'
Started POST "/auth/login" for ::1 at 2019-06-01 23:38:40 -0500
Processing by AuthenticationController#login as */*
  Parameters: {"email"=>"juanito2@gmail.com", "password"=>"[FILTERED]", "authentication"=>{"email"=>"juanito2@gmail.com", "password"=>"[FILTERED]"}}
  [1m[36mUser Load (0.4ms)[0m  [1m[34mSELECT  "users".* FROM "users" WHERE "users"."email" = ? LIMIT ?[0m  [["email", "juanito2@gmail.com"], ["LIMIT", 1]]
  ↳ app/controllers/authentication_controller.rb:6
Completed 200 OK in 416ms (Views: 0.3ms | ActiveRecord: 1.4ms)


Started GET "/users" for ::1 at 2019-06-01 23:39:33 -0500
Processing by UsersController#index as */*
  Parameters: {"Authorization"=>"eyJhbGciOiJIUzI1NiJ9.eyJ1c2VyX2lkIjozLCJleHAiOjE1NTk1MzI1ODZ9.SUxRDgbUvj7phIr9kV4i5FPsAEjBsGCQV6wXSYIPM5I", "user"=>{}}
  [1m[36mUser Load (0.3ms)[0m  [1m[34mSELECT  "users".* FROM "users" WHERE "users"."id" = ? LIMIT ?[0m  [["id", 4], ["LIMIT", 1]]
  ↳ app/controllers/application_controller.rb:11
  [1m[36mUser Load (0.3ms)[0m  [1m[34mSELECT "users".* FROM "users"[0m
  ↳ app/controllers/users_controller.rb:8
Completed 200 OK in 6ms (Views: 2.6ms | ActiveRecord: 0.6ms)


Started GET "/users/1" for ::1 at 2019-06-01 23:40:07 -0500
Processing by UsersController#show as */*
  Parameters: {"Authorization"=>"eyJhbGciOiJIUzI1NiJ9.eyJ1c2VyX2lkIjozLCJleHAiOjE1NTk1MzI1ODZ9.SUxRDgbUvj7phIr9kV4i5FPsAEjBsGCQV6wXSYIPM5I", "id"=>"1", "user"=>{}}
  [1m[36mUser Load (0.2ms)[0m  [1m[34mSELECT  "users".* FROM "users" WHERE "users"."id" = ? LIMIT ?[0m  [["id", 4], ["LIMIT", 1]]
  ↳ app/controllers/application_controller.rb:11
Completed 500 Internal Server Error in 14ms (ActiveRecord: 0.2ms)


  
NoMethodError (undefined method `find!' for #<Class:0x00564e2f78cd18>
Did you mean?  find):
  
app/controllers/users_controller.rb:43:in `find_user'
Started GET "/users/1" for ::1 at 2019-06-01 23:41:02 -0500
Processing by UsersController#show as */*
  Parameters: {"Authorization"=>"eyJhbGciOiJIUzI1NiJ9.eyJ1c2VyX2lkIjozLCJleHAiOjE1NTk1MzI1ODZ9.SUxRDgbUvj7phIr9kV4i5FPsAEjBsGCQV6wXSYIPM5I", "id"=>"1", "user"=>{}}
  [1m[36mUser Load (0.2ms)[0m  [1m[34mSELECT  "users".* FROM "users" WHERE "users"."id" = ? LIMIT ?[0m  [["id", 4], ["LIMIT", 1]]
  ↳ app/controllers/application_controller.rb:11
  [1m[36mUser Load (0.1ms)[0m  [1m[34mSELECT  "users".* FROM "users" WHERE "users"."id" = ? LIMIT ?[0m  [["id", 1], ["LIMIT", 1]]
  ↳ app/controllers/users_controller.rb:43
Completed 200 OK in 18ms (Views: 1.0ms | ActiveRecord: 1.9ms)


Started GET "/users/2" for ::1 at 2019-06-01 23:41:07 -0500
Processing by UsersController#show as */*
  Parameters: {"Authorization"=>"eyJhbGciOiJIUzI1NiJ9.eyJ1c2VyX2lkIjozLCJleHAiOjE1NTk1MzI1ODZ9.SUxRDgbUvj7phIr9kV4i5FPsAEjBsGCQV6wXSYIPM5I", "id"=>"2", "user"=>{}}
  [1m[36mUser Load (0.2ms)[0m  [1m[34mSELECT  "users".* FROM "users" WHERE "users"."id" = ? LIMIT ?[0m  [["id", 4], ["LIMIT", 1]]
  ↳ app/controllers/application_controller.rb:11
  [1m[36mUser Load (0.1ms)[0m  [1m[34mSELECT  "users".* FROM "users" WHERE "users"."id" = ? LIMIT ?[0m  [["id", 2], ["LIMIT", 1]]
  ↳ app/controllers/users_controller.rb:43
Completed 200 OK in 5ms (Views: 0.6ms | ActiveRecord: 0.3ms)


Started GET "/users/5" for ::1 at 2019-06-01 23:41:10 -0500
Processing by UsersController#show as */*
  Parameters: {"Authorization"=>"eyJhbGciOiJIUzI1NiJ9.eyJ1c2VyX2lkIjozLCJleHAiOjE1NTk1MzI1ODZ9.SUxRDgbUvj7phIr9kV4i5FPsAEjBsGCQV6wXSYIPM5I", "id"=>"5", "user"=>{}}
  [1m[36mUser Load (0.2ms)[0m  [1m[34mSELECT  "users".* FROM "users" WHERE "users"."id" = ? LIMIT ?[0m  [["id", 4], ["LIMIT", 1]]
  ↳ app/controllers/application_controller.rb:11
  [1m[36mUser Load (0.1ms)[0m  [1m[34mSELECT  "users".* FROM "users" WHERE "users"."id" = ? LIMIT ?[0m  [["id", 5], ["LIMIT", 1]]
  ↳ app/controllers/users_controller.rb:43
Filter chain halted as :find_user rendered or redirected
Completed 404 Not Found in 4ms (Views: 0.2ms | ActiveRecord: 0.3ms)


Started GET "/users/3" for ::1 at 2019-06-01 23:41:14 -0500
Processing by UsersController#show as */*
  Parameters: {"Authorization"=>"eyJhbGciOiJIUzI1NiJ9.eyJ1c2VyX2lkIjozLCJleHAiOjE1NTk1MzI1ODZ9.SUxRDgbUvj7phIr9kV4i5FPsAEjBsGCQV6wXSYIPM5I", "id"=>"3", "user"=>{}}
  [1m[36mUser Load (0.1ms)[0m  [1m[34mSELECT  "users".* FROM "users" WHERE "users"."id" = ? LIMIT ?[0m  [["id", 4], ["LIMIT", 1]]
  ↳ app/controllers/application_controller.rb:11
  [1m[36mUser Load (0.1ms)[0m  [1m[34mSELECT  "users".* FROM "users" WHERE "users"."id" = ? LIMIT ?[0m  [["id", 3], ["LIMIT", 1]]
  ↳ app/controllers/users_controller.rb:43
Completed 200 OK in 10ms (Views: 6.6ms | ActiveRecord: 0.3ms)


